[2024-11-05T11:29:59.021+0000] {processor.py:186} INFO - Started process (PID=4220) to work on /opt/airflow/dags/kafka_stream.py
[2024-11-05T11:29:59.022+0000] {processor.py:914} INFO - Processing file /opt/airflow/dags/kafka_stream.py for tasks to queue
[2024-11-05T11:29:59.026+0000] {logging_mixin.py:190} INFO - [2024-11-05T11:29:59.025+0000] {dagbag.py:588} INFO - Filling up the DagBag from /opt/airflow/dags/kafka_stream.py
[2024-11-05T11:30:00.709+0000] {processor.py:927} WARNING - No viable dags retrieved from /opt/airflow/dags/kafka_stream.py
[2024-11-05T11:30:00.729+0000] {processor.py:208} INFO - Processing /opt/airflow/dags/kafka_stream.py took 1.716 seconds
[2024-11-05T11:30:31.119+0000] {processor.py:186} INFO - Started process (PID=4286) to work on /opt/airflow/dags/kafka_stream.py
[2024-11-05T11:30:31.120+0000] {processor.py:914} INFO - Processing file /opt/airflow/dags/kafka_stream.py for tasks to queue
[2024-11-05T11:30:31.124+0000] {logging_mixin.py:190} INFO - [2024-11-05T11:30:31.123+0000] {dagbag.py:588} INFO - Filling up the DagBag from /opt/airflow/dags/kafka_stream.py
[2024-11-05T11:30:31.427+0000] {processor.py:927} WARNING - No viable dags retrieved from /opt/airflow/dags/kafka_stream.py
[2024-11-05T11:30:31.447+0000] {processor.py:208} INFO - Processing /opt/airflow/dags/kafka_stream.py took 0.336 seconds
[2024-11-05T11:31:01.801+0000] {processor.py:186} INFO - Started process (PID=4350) to work on /opt/airflow/dags/kafka_stream.py
[2024-11-05T11:31:01.802+0000] {processor.py:914} INFO - Processing file /opt/airflow/dags/kafka_stream.py for tasks to queue
[2024-11-05T11:31:01.805+0000] {logging_mixin.py:190} INFO - [2024-11-05T11:31:01.804+0000] {dagbag.py:588} INFO - Filling up the DagBag from /opt/airflow/dags/kafka_stream.py
[2024-11-05T11:31:02.072+0000] {processor.py:927} WARNING - No viable dags retrieved from /opt/airflow/dags/kafka_stream.py
[2024-11-05T11:31:02.091+0000] {processor.py:208} INFO - Processing /opt/airflow/dags/kafka_stream.py took 0.298 seconds
[2024-11-05T11:31:32.454+0000] {processor.py:186} INFO - Started process (PID=4409) to work on /opt/airflow/dags/kafka_stream.py
[2024-11-05T11:31:32.455+0000] {processor.py:914} INFO - Processing file /opt/airflow/dags/kafka_stream.py for tasks to queue
[2024-11-05T11:31:32.459+0000] {logging_mixin.py:190} INFO - [2024-11-05T11:31:32.459+0000] {dagbag.py:588} INFO - Filling up the DagBag from /opt/airflow/dags/kafka_stream.py
[2024-11-05T11:31:33.378+0000] {processor.py:927} WARNING - No viable dags retrieved from /opt/airflow/dags/kafka_stream.py
[2024-11-05T11:31:33.398+0000] {processor.py:208} INFO - Processing /opt/airflow/dags/kafka_stream.py took 0.955 seconds
[2024-11-05T11:32:03.553+0000] {processor.py:186} INFO - Started process (PID=4475) to work on /opt/airflow/dags/kafka_stream.py
[2024-11-05T11:32:03.554+0000] {processor.py:914} INFO - Processing file /opt/airflow/dags/kafka_stream.py for tasks to queue
[2024-11-05T11:32:03.559+0000] {logging_mixin.py:190} INFO - [2024-11-05T11:32:03.558+0000] {dagbag.py:588} INFO - Filling up the DagBag from /opt/airflow/dags/kafka_stream.py
[2024-11-05T11:32:03.890+0000] {processor.py:927} WARNING - No viable dags retrieved from /opt/airflow/dags/kafka_stream.py
[2024-11-05T11:32:03.908+0000] {processor.py:208} INFO - Processing /opt/airflow/dags/kafka_stream.py took 0.366 seconds
[2024-11-05T11:32:34.394+0000] {processor.py:186} INFO - Started process (PID=4538) to work on /opt/airflow/dags/kafka_stream.py
[2024-11-05T11:32:34.396+0000] {processor.py:914} INFO - Processing file /opt/airflow/dags/kafka_stream.py for tasks to queue
[2024-11-05T11:32:34.400+0000] {logging_mixin.py:190} INFO - [2024-11-05T11:32:34.399+0000] {dagbag.py:588} INFO - Filling up the DagBag from /opt/airflow/dags/kafka_stream.py
[2024-11-05T11:32:34.860+0000] {processor.py:927} WARNING - No viable dags retrieved from /opt/airflow/dags/kafka_stream.py
[2024-11-05T11:32:34.877+0000] {processor.py:208} INFO - Processing /opt/airflow/dags/kafka_stream.py took 0.492 seconds
[2024-11-05T11:33:05.085+0000] {processor.py:186} INFO - Started process (PID=4601) to work on /opt/airflow/dags/kafka_stream.py
[2024-11-05T11:33:05.086+0000] {processor.py:914} INFO - Processing file /opt/airflow/dags/kafka_stream.py for tasks to queue
[2024-11-05T11:33:05.089+0000] {logging_mixin.py:190} INFO - [2024-11-05T11:33:05.089+0000] {dagbag.py:588} INFO - Filling up the DagBag from /opt/airflow/dags/kafka_stream.py
[2024-11-05T11:33:05.423+0000] {processor.py:927} WARNING - No viable dags retrieved from /opt/airflow/dags/kafka_stream.py
[2024-11-05T11:33:05.441+0000] {processor.py:208} INFO - Processing /opt/airflow/dags/kafka_stream.py took 0.363 seconds
[2024-11-05T11:33:35.543+0000] {processor.py:186} INFO - Started process (PID=4664) to work on /opt/airflow/dags/kafka_stream.py
[2024-11-05T11:33:35.544+0000] {processor.py:914} INFO - Processing file /opt/airflow/dags/kafka_stream.py for tasks to queue
[2024-11-05T11:33:35.547+0000] {logging_mixin.py:190} INFO - [2024-11-05T11:33:35.547+0000] {dagbag.py:588} INFO - Filling up the DagBag from /opt/airflow/dags/kafka_stream.py
[2024-11-05T11:33:35.803+0000] {processor.py:927} WARNING - No viable dags retrieved from /opt/airflow/dags/kafka_stream.py
[2024-11-05T11:33:35.822+0000] {processor.py:208} INFO - Processing /opt/airflow/dags/kafka_stream.py took 0.286 seconds
[2024-11-05T11:34:06.126+0000] {processor.py:186} INFO - Started process (PID=4727) to work on /opt/airflow/dags/kafka_stream.py
[2024-11-05T11:34:06.127+0000] {processor.py:914} INFO - Processing file /opt/airflow/dags/kafka_stream.py for tasks to queue
[2024-11-05T11:34:06.132+0000] {logging_mixin.py:190} INFO - [2024-11-05T11:34:06.131+0000] {dagbag.py:588} INFO - Filling up the DagBag from /opt/airflow/dags/kafka_stream.py
[2024-11-05T11:34:06.580+0000] {processor.py:927} WARNING - No viable dags retrieved from /opt/airflow/dags/kafka_stream.py
[2024-11-05T11:34:06.597+0000] {processor.py:208} INFO - Processing /opt/airflow/dags/kafka_stream.py took 0.482 seconds
[2024-11-05T11:34:09.010+0000] {processor.py:186} INFO - Started process (PID=4754) to work on /opt/airflow/dags/kafka_stream.py
[2024-11-05T11:34:09.012+0000] {processor.py:914} INFO - Processing file /opt/airflow/dags/kafka_stream.py for tasks to queue
[2024-11-05T11:34:09.016+0000] {logging_mixin.py:190} INFO - [2024-11-05T11:34:09.015+0000] {dagbag.py:588} INFO - Filling up the DagBag from /opt/airflow/dags/kafka_stream.py
[2024-11-05T11:34:09.302+0000] {processor.py:927} WARNING - No viable dags retrieved from /opt/airflow/dags/kafka_stream.py
[2024-11-05T11:34:09.321+0000] {processor.py:208} INFO - Processing /opt/airflow/dags/kafka_stream.py took 0.319 seconds
[2024-11-05T11:34:39.394+0000] {processor.py:186} INFO - Started process (PID=4816) to work on /opt/airflow/dags/kafka_stream.py
[2024-11-05T11:34:39.395+0000] {processor.py:914} INFO - Processing file /opt/airflow/dags/kafka_stream.py for tasks to queue
[2024-11-05T11:34:39.398+0000] {logging_mixin.py:190} INFO - [2024-11-05T11:34:39.398+0000] {dagbag.py:588} INFO - Filling up the DagBag from /opt/airflow/dags/kafka_stream.py
[2024-11-05T11:34:39.853+0000] {processor.py:927} WARNING - No viable dags retrieved from /opt/airflow/dags/kafka_stream.py
[2024-11-05T11:34:39.873+0000] {processor.py:208} INFO - Processing /opt/airflow/dags/kafka_stream.py took 0.487 seconds
[2024-11-05T11:35:10.680+0000] {processor.py:186} INFO - Started process (PID=4879) to work on /opt/airflow/dags/kafka_stream.py
[2024-11-05T11:35:10.682+0000] {processor.py:914} INFO - Processing file /opt/airflow/dags/kafka_stream.py for tasks to queue
[2024-11-05T11:35:10.685+0000] {logging_mixin.py:190} INFO - [2024-11-05T11:35:10.685+0000] {dagbag.py:588} INFO - Filling up the DagBag from /opt/airflow/dags/kafka_stream.py
[2024-11-05T11:35:11.052+0000] {processor.py:927} WARNING - No viable dags retrieved from /opt/airflow/dags/kafka_stream.py
[2024-11-05T11:35:11.068+0000] {processor.py:208} INFO - Processing /opt/airflow/dags/kafka_stream.py took 0.397 seconds
[2024-11-05T11:35:41.442+0000] {processor.py:186} INFO - Started process (PID=4943) to work on /opt/airflow/dags/kafka_stream.py
[2024-11-05T11:35:41.444+0000] {processor.py:914} INFO - Processing file /opt/airflow/dags/kafka_stream.py for tasks to queue
[2024-11-05T11:35:41.447+0000] {logging_mixin.py:190} INFO - [2024-11-05T11:35:41.447+0000] {dagbag.py:588} INFO - Filling up the DagBag from /opt/airflow/dags/kafka_stream.py
[2024-11-05T11:35:41.817+0000] {processor.py:927} WARNING - No viable dags retrieved from /opt/airflow/dags/kafka_stream.py
[2024-11-05T11:35:41.837+0000] {processor.py:208} INFO - Processing /opt/airflow/dags/kafka_stream.py took 0.402 seconds
[2024-11-05T11:36:12.095+0000] {processor.py:186} INFO - Started process (PID=5006) to work on /opt/airflow/dags/kafka_stream.py
[2024-11-05T11:36:12.097+0000] {processor.py:914} INFO - Processing file /opt/airflow/dags/kafka_stream.py for tasks to queue
[2024-11-05T11:36:12.100+0000] {logging_mixin.py:190} INFO - [2024-11-05T11:36:12.100+0000] {dagbag.py:588} INFO - Filling up the DagBag from /opt/airflow/dags/kafka_stream.py
[2024-11-05T11:36:12.735+0000] {processor.py:927} WARNING - No viable dags retrieved from /opt/airflow/dags/kafka_stream.py
[2024-11-05T11:36:12.755+0000] {processor.py:208} INFO - Processing /opt/airflow/dags/kafka_stream.py took 0.667 seconds
[2024-11-05T11:36:43.094+0000] {processor.py:186} INFO - Started process (PID=5069) to work on /opt/airflow/dags/kafka_stream.py
[2024-11-05T11:36:43.096+0000] {processor.py:914} INFO - Processing file /opt/airflow/dags/kafka_stream.py for tasks to queue
[2024-11-05T11:36:43.099+0000] {logging_mixin.py:190} INFO - [2024-11-05T11:36:43.098+0000] {dagbag.py:588} INFO - Filling up the DagBag from /opt/airflow/dags/kafka_stream.py
[2024-11-05T11:36:43.755+0000] {processor.py:927} WARNING - No viable dags retrieved from /opt/airflow/dags/kafka_stream.py
[2024-11-05T11:36:43.783+0000] {processor.py:208} INFO - Processing /opt/airflow/dags/kafka_stream.py took 0.696 seconds
[2024-11-05T11:37:13.988+0000] {processor.py:186} INFO - Started process (PID=5138) to work on /opt/airflow/dags/kafka_stream.py
[2024-11-05T11:37:13.990+0000] {processor.py:914} INFO - Processing file /opt/airflow/dags/kafka_stream.py for tasks to queue
[2024-11-05T11:37:13.992+0000] {logging_mixin.py:190} INFO - [2024-11-05T11:37:13.992+0000] {dagbag.py:588} INFO - Filling up the DagBag from /opt/airflow/dags/kafka_stream.py
[2024-11-05T11:37:21.921+0000] {processor.py:927} WARNING - No viable dags retrieved from /opt/airflow/dags/kafka_stream.py
[2024-11-05T11:37:21.948+0000] {processor.py:208} INFO - Processing /opt/airflow/dags/kafka_stream.py took 7.969 seconds
[2024-11-05T11:37:52.934+0000] {processor.py:186} INFO - Started process (PID=5201) to work on /opt/airflow/dags/kafka_stream.py
[2024-11-05T11:37:52.936+0000] {processor.py:914} INFO - Processing file /opt/airflow/dags/kafka_stream.py for tasks to queue
[2024-11-05T11:37:52.940+0000] {logging_mixin.py:190} INFO - [2024-11-05T11:37:52.940+0000] {dagbag.py:588} INFO - Filling up the DagBag from /opt/airflow/dags/kafka_stream.py
[2024-11-05T11:37:53.470+0000] {processor.py:927} WARNING - No viable dags retrieved from /opt/airflow/dags/kafka_stream.py
[2024-11-05T11:37:53.489+0000] {processor.py:208} INFO - Processing /opt/airflow/dags/kafka_stream.py took 0.562 seconds
[2024-11-05T11:38:24.152+0000] {processor.py:186} INFO - Started process (PID=5264) to work on /opt/airflow/dags/kafka_stream.py
[2024-11-05T11:38:24.153+0000] {processor.py:914} INFO - Processing file /opt/airflow/dags/kafka_stream.py for tasks to queue
[2024-11-05T11:38:24.160+0000] {logging_mixin.py:190} INFO - [2024-11-05T11:38:24.159+0000] {dagbag.py:588} INFO - Filling up the DagBag from /opt/airflow/dags/kafka_stream.py
[2024-11-05T11:38:24.470+0000] {processor.py:927} WARNING - No viable dags retrieved from /opt/airflow/dags/kafka_stream.py
[2024-11-05T11:38:24.492+0000] {processor.py:208} INFO - Processing /opt/airflow/dags/kafka_stream.py took 0.355 seconds
[2024-11-05T11:38:54.769+0000] {processor.py:186} INFO - Started process (PID=5327) to work on /opt/airflow/dags/kafka_stream.py
[2024-11-05T11:38:54.772+0000] {processor.py:914} INFO - Processing file /opt/airflow/dags/kafka_stream.py for tasks to queue
[2024-11-05T11:38:54.776+0000] {logging_mixin.py:190} INFO - [2024-11-05T11:38:54.775+0000] {dagbag.py:588} INFO - Filling up the DagBag from /opt/airflow/dags/kafka_stream.py
[2024-11-05T11:38:55.040+0000] {processor.py:927} WARNING - No viable dags retrieved from /opt/airflow/dags/kafka_stream.py
[2024-11-05T11:38:55.060+0000] {processor.py:208} INFO - Processing /opt/airflow/dags/kafka_stream.py took 0.302 seconds
[2024-11-05T11:39:25.199+0000] {processor.py:186} INFO - Started process (PID=5390) to work on /opt/airflow/dags/kafka_stream.py
[2024-11-05T11:39:25.200+0000] {processor.py:914} INFO - Processing file /opt/airflow/dags/kafka_stream.py for tasks to queue
[2024-11-05T11:39:25.206+0000] {logging_mixin.py:190} INFO - [2024-11-05T11:39:25.205+0000] {dagbag.py:588} INFO - Filling up the DagBag from /opt/airflow/dags/kafka_stream.py
[2024-11-05T11:39:25.728+0000] {processor.py:927} WARNING - No viable dags retrieved from /opt/airflow/dags/kafka_stream.py
[2024-11-05T11:39:25.761+0000] {processor.py:208} INFO - Processing /opt/airflow/dags/kafka_stream.py took 0.573 seconds
[2024-11-05T11:39:55.943+0000] {processor.py:186} INFO - Started process (PID=5454) to work on /opt/airflow/dags/kafka_stream.py
[2024-11-05T11:39:55.944+0000] {processor.py:914} INFO - Processing file /opt/airflow/dags/kafka_stream.py for tasks to queue
[2024-11-05T11:39:55.949+0000] {logging_mixin.py:190} INFO - [2024-11-05T11:39:55.949+0000] {dagbag.py:588} INFO - Filling up the DagBag from /opt/airflow/dags/kafka_stream.py
[2024-11-05T11:39:56.271+0000] {processor.py:927} WARNING - No viable dags retrieved from /opt/airflow/dags/kafka_stream.py
[2024-11-05T11:39:56.288+0000] {processor.py:208} INFO - Processing /opt/airflow/dags/kafka_stream.py took 0.353 seconds
[2024-11-05T11:40:26.682+0000] {processor.py:186} INFO - Started process (PID=5517) to work on /opt/airflow/dags/kafka_stream.py
[2024-11-05T11:40:26.684+0000] {processor.py:914} INFO - Processing file /opt/airflow/dags/kafka_stream.py for tasks to queue
[2024-11-05T11:40:26.688+0000] {logging_mixin.py:190} INFO - [2024-11-05T11:40:26.687+0000] {dagbag.py:588} INFO - Filling up the DagBag from /opt/airflow/dags/kafka_stream.py
[2024-11-05T11:40:34.741+0000] {logging_mixin.py:190} INFO - [2024-11-05T11:40:34.716+0000] {dagbag.py:387} ERROR - Failed to import: /opt/airflow/dags/kafka_stream.py
Traceback (most recent call last):
  File "/home/airflow/.local/lib/python3.12/site-packages/urllib3/connection.py", line 196, in _new_conn
    sock = connection.create_connection(
           ^^^^^^^^^^^^^^^^^^^^^^^^^^^^^
  File "/home/airflow/.local/lib/python3.12/site-packages/urllib3/util/connection.py", line 60, in create_connection
    for res in socket.getaddrinfo(host, port, family, socket.SOCK_STREAM):
               ^^^^^^^^^^^^^^^^^^^^^^^^^^^^^^^^^^^^^^^^^^^^^^^^^^^^^^^^^^
  File "/usr/local/lib/python3.12/socket.py", line 976, in getaddrinfo
    for res in _socket.getaddrinfo(host, port, family, type, proto, flags):
               ^^^^^^^^^^^^^^^^^^^^^^^^^^^^^^^^^^^^^^^^^^^^^^^^^^^^^^^^^^^
socket.gaierror: [Errno -3] Temporary failure in name resolution

The above exception was the direct cause of the following exception:

Traceback (most recent call last):
  File "/home/airflow/.local/lib/python3.12/site-packages/urllib3/connectionpool.py", line 789, in urlopen
    response = self._make_request(
               ^^^^^^^^^^^^^^^^^^^
  File "/home/airflow/.local/lib/python3.12/site-packages/urllib3/connectionpool.py", line 490, in _make_request
    raise new_e
  File "/home/airflow/.local/lib/python3.12/site-packages/urllib3/connectionpool.py", line 466, in _make_request
    self._validate_conn(conn)
  File "/home/airflow/.local/lib/python3.12/site-packages/urllib3/connectionpool.py", line 1095, in _validate_conn
    conn.connect()
  File "/home/airflow/.local/lib/python3.12/site-packages/urllib3/connection.py", line 615, in connect
    self.sock = sock = self._new_conn()
                       ^^^^^^^^^^^^^^^^
  File "/home/airflow/.local/lib/python3.12/site-packages/urllib3/connection.py", line 203, in _new_conn
    raise NameResolutionError(self.host, self, e) from e
urllib3.exceptions.NameResolutionError: <urllib3.connection.HTTPSConnection object at 0x7fd00b9e6de0>: Failed to resolve 'randomuser.me' ([Errno -3] Temporary failure in name resolution)

The above exception was the direct cause of the following exception:

Traceback (most recent call last):
  File "/home/airflow/.local/lib/python3.12/site-packages/requests/adapters.py", line 667, in send
    resp = conn.urlopen(
           ^^^^^^^^^^^^^
  File "/home/airflow/.local/lib/python3.12/site-packages/urllib3/connectionpool.py", line 843, in urlopen
    retries = retries.increment(
              ^^^^^^^^^^^^^^^^^^
  File "/home/airflow/.local/lib/python3.12/site-packages/urllib3/util/retry.py", line 519, in increment
    raise MaxRetryError(_pool, url, reason) from reason  # type: ignore[arg-type]
    ^^^^^^^^^^^^^^^^^^^^^^^^^^^^^^^^^^^^^^^^^^^^^^^^^^^
urllib3.exceptions.MaxRetryError: HTTPSConnectionPool(host='randomuser.me', port=443): Max retries exceeded with url: /api/ (Caused by NameResolutionError("<urllib3.connection.HTTPSConnection object at 0x7fd00b9e6de0>: Failed to resolve 'randomuser.me' ([Errno -3] Temporary failure in name resolution)"))

During handling of the above exception, another exception occurred:

Traceback (most recent call last):
  File "/home/airflow/.local/lib/python3.12/site-packages/airflow/models/dagbag.py", line 383, in parse
    loader.exec_module(new_module)
  File "<frozen importlib._bootstrap_external>", line 995, in exec_module
  File "<frozen importlib._bootstrap>", line 488, in _call_with_frames_removed
  File "/opt/airflow/dags/kafka_stream.py", line 31, in <module>
    stream_data();
    ^^^^^^^^^^^^^
  File "/opt/airflow/dags/kafka_stream.py", line 13, in stream_data
    res = requests.get("https://randomuser.me/api/")
          ^^^^^^^^^^^^^^^^^^^^^^^^^^^^^^^^^^^^^^^^^^
  File "/home/airflow/.local/lib/python3.12/site-packages/requests/api.py", line 73, in get
    return request("get", url, params=params, **kwargs)
           ^^^^^^^^^^^^^^^^^^^^^^^^^^^^^^^^^^^^^^^^^^^^
  File "/home/airflow/.local/lib/python3.12/site-packages/requests/api.py", line 59, in request
    return session.request(method=method, url=url, **kwargs)
           ^^^^^^^^^^^^^^^^^^^^^^^^^^^^^^^^^^^^^^^^^^^^^^^^^
  File "/home/airflow/.local/lib/python3.12/site-packages/requests/sessions.py", line 589, in request
    resp = self.send(prep, **send_kwargs)
           ^^^^^^^^^^^^^^^^^^^^^^^^^^^^^^
  File "/home/airflow/.local/lib/python3.12/site-packages/requests/sessions.py", line 703, in send
    r = adapter.send(request, **kwargs)
        ^^^^^^^^^^^^^^^^^^^^^^^^^^^^^^^
  File "/home/airflow/.local/lib/python3.12/site-packages/requests/adapters.py", line 700, in send
    raise ConnectionError(e, request=request)
requests.exceptions.ConnectionError: HTTPSConnectionPool(host='randomuser.me', port=443): Max retries exceeded with url: /api/ (Caused by NameResolutionError("<urllib3.connection.HTTPSConnection object at 0x7fd00b9e6de0>: Failed to resolve 'randomuser.me' ([Errno -3] Temporary failure in name resolution)"))
[2024-11-05T11:40:34.743+0000] {processor.py:927} WARNING - No viable dags retrieved from /opt/airflow/dags/kafka_stream.py
[2024-11-05T11:40:34.777+0000] {processor.py:208} INFO - Processing /opt/airflow/dags/kafka_stream.py took 8.103 seconds
[2024-11-05T11:41:04.914+0000] {processor.py:186} INFO - Started process (PID=5584) to work on /opt/airflow/dags/kafka_stream.py
[2024-11-05T11:41:04.916+0000] {processor.py:914} INFO - Processing file /opt/airflow/dags/kafka_stream.py for tasks to queue
[2024-11-05T11:41:04.922+0000] {logging_mixin.py:190} INFO - [2024-11-05T11:41:04.921+0000] {dagbag.py:588} INFO - Filling up the DagBag from /opt/airflow/dags/kafka_stream.py
[2024-11-05T11:41:05.535+0000] {processor.py:927} WARNING - No viable dags retrieved from /opt/airflow/dags/kafka_stream.py
[2024-11-05T11:41:05.568+0000] {processor.py:208} INFO - Processing /opt/airflow/dags/kafka_stream.py took 0.667 seconds
[2024-11-05T11:41:36.207+0000] {processor.py:186} INFO - Started process (PID=5647) to work on /opt/airflow/dags/kafka_stream.py
[2024-11-05T11:41:36.209+0000] {processor.py:914} INFO - Processing file /opt/airflow/dags/kafka_stream.py for tasks to queue
[2024-11-05T11:41:36.212+0000] {logging_mixin.py:190} INFO - [2024-11-05T11:41:36.212+0000] {dagbag.py:588} INFO - Filling up the DagBag from /opt/airflow/dags/kafka_stream.py
[2024-11-05T11:41:36.676+0000] {processor.py:927} WARNING - No viable dags retrieved from /opt/airflow/dags/kafka_stream.py
[2024-11-05T11:41:36.701+0000] {processor.py:208} INFO - Processing /opt/airflow/dags/kafka_stream.py took 0.503 seconds
[2024-11-05T11:42:07.289+0000] {processor.py:186} INFO - Started process (PID=5710) to work on /opt/airflow/dags/kafka_stream.py
[2024-11-05T11:42:07.292+0000] {processor.py:914} INFO - Processing file /opt/airflow/dags/kafka_stream.py for tasks to queue
[2024-11-05T11:42:07.297+0000] {logging_mixin.py:190} INFO - [2024-11-05T11:42:07.296+0000] {dagbag.py:588} INFO - Filling up the DagBag from /opt/airflow/dags/kafka_stream.py
[2024-11-05T11:42:07.735+0000] {processor.py:927} WARNING - No viable dags retrieved from /opt/airflow/dags/kafka_stream.py
[2024-11-05T11:42:07.762+0000] {processor.py:208} INFO - Processing /opt/airflow/dags/kafka_stream.py took 0.486 seconds
[2024-11-05T11:42:37.868+0000] {processor.py:186} INFO - Started process (PID=5773) to work on /opt/airflow/dags/kafka_stream.py
[2024-11-05T11:42:37.870+0000] {processor.py:914} INFO - Processing file /opt/airflow/dags/kafka_stream.py for tasks to queue
[2024-11-05T11:42:37.874+0000] {logging_mixin.py:190} INFO - [2024-11-05T11:42:37.874+0000] {dagbag.py:588} INFO - Filling up the DagBag from /opt/airflow/dags/kafka_stream.py
[2024-11-05T11:42:38.943+0000] {processor.py:927} WARNING - No viable dags retrieved from /opt/airflow/dags/kafka_stream.py
[2024-11-05T11:42:38.963+0000] {processor.py:208} INFO - Processing /opt/airflow/dags/kafka_stream.py took 1.106 seconds
[2024-11-05T13:14:15.044+0000] {processor.py:186} INFO - Started process (PID=53) to work on /opt/airflow/dags/kafka_stream.py
[2024-11-05T13:14:15.045+0000] {processor.py:914} INFO - Processing file /opt/airflow/dags/kafka_stream.py for tasks to queue
[2024-11-05T13:14:15.048+0000] {logging_mixin.py:190} INFO - [2024-11-05T13:14:15.048+0000] {dagbag.py:588} INFO - Filling up the DagBag from /opt/airflow/dags/kafka_stream.py
[2024-11-05T13:14:15.457+0000] {processor.py:927} WARNING - No viable dags retrieved from /opt/airflow/dags/kafka_stream.py
[2024-11-05T13:14:15.475+0000] {processor.py:208} INFO - Processing /opt/airflow/dags/kafka_stream.py took 0.437 seconds
[2024-11-05T13:15:58.271+0000] {processor.py:186} INFO - Started process (PID=59) to work on /opt/airflow/dags/kafka_stream.py
[2024-11-05T13:15:58.273+0000] {processor.py:914} INFO - Processing file /opt/airflow/dags/kafka_stream.py for tasks to queue
[2024-11-05T13:15:58.276+0000] {logging_mixin.py:190} INFO - [2024-11-05T13:15:58.276+0000] {dagbag.py:588} INFO - Filling up the DagBag from /opt/airflow/dags/kafka_stream.py
[2024-11-05T13:16:00.781+0000] {processor.py:927} WARNING - No viable dags retrieved from /opt/airflow/dags/kafka_stream.py
[2024-11-05T13:16:00.810+0000] {processor.py:208} INFO - Processing /opt/airflow/dags/kafka_stream.py took 2.548 seconds
[2024-11-05T13:16:31.446+0000] {processor.py:186} INFO - Started process (PID=131) to work on /opt/airflow/dags/kafka_stream.py
[2024-11-05T13:16:31.448+0000] {processor.py:914} INFO - Processing file /opt/airflow/dags/kafka_stream.py for tasks to queue
[2024-11-05T13:16:31.452+0000] {logging_mixin.py:190} INFO - [2024-11-05T13:16:31.452+0000] {dagbag.py:588} INFO - Filling up the DagBag from /opt/airflow/dags/kafka_stream.py
[2024-11-05T13:16:31.891+0000] {processor.py:927} WARNING - No viable dags retrieved from /opt/airflow/dags/kafka_stream.py
[2024-11-05T13:16:31.914+0000] {processor.py:208} INFO - Processing /opt/airflow/dags/kafka_stream.py took 0.477 seconds
[2024-11-05T13:17:02.369+0000] {processor.py:186} INFO - Started process (PID=200) to work on /opt/airflow/dags/kafka_stream.py
[2024-11-05T13:17:02.371+0000] {processor.py:914} INFO - Processing file /opt/airflow/dags/kafka_stream.py for tasks to queue
[2024-11-05T13:17:02.374+0000] {logging_mixin.py:190} INFO - [2024-11-05T13:17:02.374+0000] {dagbag.py:588} INFO - Filling up the DagBag from /opt/airflow/dags/kafka_stream.py
[2024-11-05T13:17:02.856+0000] {processor.py:927} WARNING - No viable dags retrieved from /opt/airflow/dags/kafka_stream.py
[2024-11-05T13:17:02.874+0000] {processor.py:208} INFO - Processing /opt/airflow/dags/kafka_stream.py took 0.511 seconds
[2024-11-05T13:17:32.959+0000] {processor.py:186} INFO - Started process (PID=264) to work on /opt/airflow/dags/kafka_stream.py
[2024-11-05T13:17:32.960+0000] {processor.py:914} INFO - Processing file /opt/airflow/dags/kafka_stream.py for tasks to queue
[2024-11-05T13:17:32.964+0000] {logging_mixin.py:190} INFO - [2024-11-05T13:17:32.963+0000] {dagbag.py:588} INFO - Filling up the DagBag from /opt/airflow/dags/kafka_stream.py
[2024-11-05T13:17:33.583+0000] {processor.py:927} WARNING - No viable dags retrieved from /opt/airflow/dags/kafka_stream.py
[2024-11-05T13:17:33.601+0000] {processor.py:208} INFO - Processing /opt/airflow/dags/kafka_stream.py took 0.648 seconds
[2024-11-05T13:18:03.913+0000] {processor.py:186} INFO - Started process (PID=329) to work on /opt/airflow/dags/kafka_stream.py
[2024-11-05T13:18:03.914+0000] {processor.py:914} INFO - Processing file /opt/airflow/dags/kafka_stream.py for tasks to queue
[2024-11-05T13:18:03.917+0000] {logging_mixin.py:190} INFO - [2024-11-05T13:18:03.916+0000] {dagbag.py:588} INFO - Filling up the DagBag from /opt/airflow/dags/kafka_stream.py
[2024-11-05T13:18:04.593+0000] {processor.py:927} WARNING - No viable dags retrieved from /opt/airflow/dags/kafka_stream.py
[2024-11-05T13:18:04.619+0000] {processor.py:208} INFO - Processing /opt/airflow/dags/kafka_stream.py took 0.713 seconds
[2024-11-05T13:18:34.768+0000] {processor.py:186} INFO - Started process (PID=393) to work on /opt/airflow/dags/kafka_stream.py
[2024-11-05T13:18:34.769+0000] {processor.py:914} INFO - Processing file /opt/airflow/dags/kafka_stream.py for tasks to queue
[2024-11-05T13:18:34.772+0000] {logging_mixin.py:190} INFO - [2024-11-05T13:18:34.772+0000] {dagbag.py:588} INFO - Filling up the DagBag from /opt/airflow/dags/kafka_stream.py
[2024-11-05T13:18:35.209+0000] {processor.py:927} WARNING - No viable dags retrieved from /opt/airflow/dags/kafka_stream.py
[2024-11-05T13:18:35.228+0000] {processor.py:208} INFO - Processing /opt/airflow/dags/kafka_stream.py took 0.467 seconds
[2024-11-05T13:19:05.300+0000] {processor.py:186} INFO - Started process (PID=452) to work on /opt/airflow/dags/kafka_stream.py
[2024-11-05T13:19:05.302+0000] {processor.py:914} INFO - Processing file /opt/airflow/dags/kafka_stream.py for tasks to queue
[2024-11-05T13:19:05.307+0000] {logging_mixin.py:190} INFO - [2024-11-05T13:19:05.305+0000] {dagbag.py:588} INFO - Filling up the DagBag from /opt/airflow/dags/kafka_stream.py
[2024-11-05T13:19:05.904+0000] {processor.py:927} WARNING - No viable dags retrieved from /opt/airflow/dags/kafka_stream.py
[2024-11-05T13:19:05.930+0000] {processor.py:208} INFO - Processing /opt/airflow/dags/kafka_stream.py took 0.641 seconds
[2024-11-05T13:19:36.613+0000] {processor.py:186} INFO - Started process (PID=516) to work on /opt/airflow/dags/kafka_stream.py
[2024-11-05T13:19:36.615+0000] {processor.py:914} INFO - Processing file /opt/airflow/dags/kafka_stream.py for tasks to queue
[2024-11-05T13:19:36.619+0000] {logging_mixin.py:190} INFO - [2024-11-05T13:19:36.618+0000] {dagbag.py:588} INFO - Filling up the DagBag from /opt/airflow/dags/kafka_stream.py
[2024-11-05T13:19:37.071+0000] {processor.py:927} WARNING - No viable dags retrieved from /opt/airflow/dags/kafka_stream.py
[2024-11-05T13:19:37.099+0000] {processor.py:208} INFO - Processing /opt/airflow/dags/kafka_stream.py took 0.505 seconds
[2024-11-05T13:20:07.850+0000] {processor.py:186} INFO - Started process (PID=579) to work on /opt/airflow/dags/kafka_stream.py
[2024-11-05T13:20:07.851+0000] {processor.py:914} INFO - Processing file /opt/airflow/dags/kafka_stream.py for tasks to queue
[2024-11-05T13:20:07.855+0000] {logging_mixin.py:190} INFO - [2024-11-05T13:20:07.854+0000] {dagbag.py:588} INFO - Filling up the DagBag from /opt/airflow/dags/kafka_stream.py
[2024-11-05T13:20:09.846+0000] {processor.py:927} WARNING - No viable dags retrieved from /opt/airflow/dags/kafka_stream.py
[2024-11-05T13:20:09.866+0000] {processor.py:208} INFO - Processing /opt/airflow/dags/kafka_stream.py took 2.025 seconds
[2024-11-05T13:20:40.094+0000] {processor.py:186} INFO - Started process (PID=650) to work on /opt/airflow/dags/kafka_stream.py
[2024-11-05T13:20:40.095+0000] {processor.py:914} INFO - Processing file /opt/airflow/dags/kafka_stream.py for tasks to queue
[2024-11-05T13:20:40.099+0000] {logging_mixin.py:190} INFO - [2024-11-05T13:20:40.099+0000] {dagbag.py:588} INFO - Filling up the DagBag from /opt/airflow/dags/kafka_stream.py
[2024-11-05T13:20:40.444+0000] {processor.py:927} WARNING - No viable dags retrieved from /opt/airflow/dags/kafka_stream.py
[2024-11-05T13:20:40.464+0000] {processor.py:208} INFO - Processing /opt/airflow/dags/kafka_stream.py took 0.378 seconds
[2024-11-05T13:21:10.627+0000] {processor.py:186} INFO - Started process (PID=713) to work on /opt/airflow/dags/kafka_stream.py
[2024-11-05T13:21:10.628+0000] {processor.py:914} INFO - Processing file /opt/airflow/dags/kafka_stream.py for tasks to queue
[2024-11-05T13:21:10.631+0000] {logging_mixin.py:190} INFO - [2024-11-05T13:21:10.631+0000] {dagbag.py:588} INFO - Filling up the DagBag from /opt/airflow/dags/kafka_stream.py
[2024-11-05T13:21:12.281+0000] {processor.py:927} WARNING - No viable dags retrieved from /opt/airflow/dags/kafka_stream.py
[2024-11-05T13:21:12.301+0000] {processor.py:208} INFO - Processing /opt/airflow/dags/kafka_stream.py took 1.682 seconds
[2024-11-05T13:21:42.544+0000] {processor.py:186} INFO - Started process (PID=780) to work on /opt/airflow/dags/kafka_stream.py
[2024-11-05T13:21:42.546+0000] {processor.py:914} INFO - Processing file /opt/airflow/dags/kafka_stream.py for tasks to queue
[2024-11-05T13:21:42.550+0000] {logging_mixin.py:190} INFO - [2024-11-05T13:21:42.549+0000] {dagbag.py:588} INFO - Filling up the DagBag from /opt/airflow/dags/kafka_stream.py
[2024-11-05T13:21:43.282+0000] {processor.py:927} WARNING - No viable dags retrieved from /opt/airflow/dags/kafka_stream.py
[2024-11-05T13:21:43.298+0000] {processor.py:208} INFO - Processing /opt/airflow/dags/kafka_stream.py took 0.761 seconds
[2024-11-05T13:22:13.471+0000] {processor.py:186} INFO - Started process (PID=847) to work on /opt/airflow/dags/kafka_stream.py
[2024-11-05T13:22:13.473+0000] {processor.py:914} INFO - Processing file /opt/airflow/dags/kafka_stream.py for tasks to queue
[2024-11-05T13:22:13.476+0000] {logging_mixin.py:190} INFO - [2024-11-05T13:22:13.476+0000] {dagbag.py:588} INFO - Filling up the DagBag from /opt/airflow/dags/kafka_stream.py
[2024-11-05T13:22:14.619+0000] {processor.py:927} WARNING - No viable dags retrieved from /opt/airflow/dags/kafka_stream.py
[2024-11-05T13:22:14.637+0000] {processor.py:208} INFO - Processing /opt/airflow/dags/kafka_stream.py took 1.175 seconds
[2024-11-05T13:22:45.515+0000] {processor.py:186} INFO - Started process (PID=910) to work on /opt/airflow/dags/kafka_stream.py
[2024-11-05T13:22:45.517+0000] {processor.py:914} INFO - Processing file /opt/airflow/dags/kafka_stream.py for tasks to queue
[2024-11-05T13:22:45.519+0000] {logging_mixin.py:190} INFO - [2024-11-05T13:22:45.519+0000] {dagbag.py:588} INFO - Filling up the DagBag from /opt/airflow/dags/kafka_stream.py
[2024-11-05T13:22:46.859+0000] {processor.py:927} WARNING - No viable dags retrieved from /opt/airflow/dags/kafka_stream.py
[2024-11-05T13:22:46.877+0000] {processor.py:208} INFO - Processing /opt/airflow/dags/kafka_stream.py took 1.371 seconds
[2024-11-05T13:23:17.322+0000] {processor.py:186} INFO - Started process (PID=977) to work on /opt/airflow/dags/kafka_stream.py
[2024-11-05T13:23:17.323+0000] {processor.py:914} INFO - Processing file /opt/airflow/dags/kafka_stream.py for tasks to queue
[2024-11-05T13:23:17.328+0000] {logging_mixin.py:190} INFO - [2024-11-05T13:23:17.327+0000] {dagbag.py:588} INFO - Filling up the DagBag from /opt/airflow/dags/kafka_stream.py
[2024-11-05T13:23:18.593+0000] {processor.py:927} WARNING - No viable dags retrieved from /opt/airflow/dags/kafka_stream.py
[2024-11-05T13:23:18.612+0000] {processor.py:208} INFO - Processing /opt/airflow/dags/kafka_stream.py took 1.300 seconds
[2024-11-05T13:23:49.511+0000] {processor.py:186} INFO - Started process (PID=1043) to work on /opt/airflow/dags/kafka_stream.py
[2024-11-05T13:23:49.513+0000] {processor.py:914} INFO - Processing file /opt/airflow/dags/kafka_stream.py for tasks to queue
[2024-11-05T13:23:49.516+0000] {logging_mixin.py:190} INFO - [2024-11-05T13:23:49.515+0000] {dagbag.py:588} INFO - Filling up the DagBag from /opt/airflow/dags/kafka_stream.py
[2024-11-05T13:23:49.984+0000] {processor.py:927} WARNING - No viable dags retrieved from /opt/airflow/dags/kafka_stream.py
[2024-11-05T13:23:50.005+0000] {processor.py:208} INFO - Processing /opt/airflow/dags/kafka_stream.py took 0.501 seconds
[2024-11-05T13:24:20.146+0000] {processor.py:186} INFO - Started process (PID=1106) to work on /opt/airflow/dags/kafka_stream.py
[2024-11-05T13:24:20.148+0000] {processor.py:914} INFO - Processing file /opt/airflow/dags/kafka_stream.py for tasks to queue
[2024-11-05T13:24:20.151+0000] {logging_mixin.py:190} INFO - [2024-11-05T13:24:20.151+0000] {dagbag.py:588} INFO - Filling up the DagBag from /opt/airflow/dags/kafka_stream.py
[2024-11-05T13:24:21.086+0000] {processor.py:927} WARNING - No viable dags retrieved from /opt/airflow/dags/kafka_stream.py
[2024-11-05T13:24:21.107+0000] {processor.py:208} INFO - Processing /opt/airflow/dags/kafka_stream.py took 0.969 seconds
[2024-11-05T13:24:51.423+0000] {processor.py:186} INFO - Started process (PID=1172) to work on /opt/airflow/dags/kafka_stream.py
[2024-11-05T13:24:51.425+0000] {processor.py:914} INFO - Processing file /opt/airflow/dags/kafka_stream.py for tasks to queue
[2024-11-05T13:24:51.429+0000] {logging_mixin.py:190} INFO - [2024-11-05T13:24:51.428+0000] {dagbag.py:588} INFO - Filling up the DagBag from /opt/airflow/dags/kafka_stream.py
[2024-11-05T13:24:52.439+0000] {processor.py:927} WARNING - No viable dags retrieved from /opt/airflow/dags/kafka_stream.py
[2024-11-05T13:24:52.456+0000] {processor.py:208} INFO - Processing /opt/airflow/dags/kafka_stream.py took 1.043 seconds
[2024-11-05T13:25:22.624+0000] {processor.py:186} INFO - Started process (PID=1239) to work on /opt/airflow/dags/kafka_stream.py
[2024-11-05T13:25:22.626+0000] {processor.py:914} INFO - Processing file /opt/airflow/dags/kafka_stream.py for tasks to queue
[2024-11-05T13:25:22.631+0000] {logging_mixin.py:190} INFO - [2024-11-05T13:25:22.631+0000] {dagbag.py:588} INFO - Filling up the DagBag from /opt/airflow/dags/kafka_stream.py
[2024-11-05T13:25:23.106+0000] {processor.py:927} WARNING - No viable dags retrieved from /opt/airflow/dags/kafka_stream.py
[2024-11-05T13:25:23.125+0000] {processor.py:208} INFO - Processing /opt/airflow/dags/kafka_stream.py took 0.518 seconds
[2024-11-05T13:25:53.314+0000] {processor.py:186} INFO - Started process (PID=1304) to work on /opt/airflow/dags/kafka_stream.py
[2024-11-05T13:25:53.315+0000] {processor.py:914} INFO - Processing file /opt/airflow/dags/kafka_stream.py for tasks to queue
[2024-11-05T13:25:53.320+0000] {logging_mixin.py:190} INFO - [2024-11-05T13:25:53.319+0000] {dagbag.py:588} INFO - Filling up the DagBag from /opt/airflow/dags/kafka_stream.py
[2024-11-05T13:25:54.872+0000] {processor.py:927} WARNING - No viable dags retrieved from /opt/airflow/dags/kafka_stream.py
[2024-11-05T13:25:54.892+0000] {processor.py:208} INFO - Processing /opt/airflow/dags/kafka_stream.py took 1.587 seconds
[2024-11-05T13:26:25.168+0000] {processor.py:186} INFO - Started process (PID=1370) to work on /opt/airflow/dags/kafka_stream.py
[2024-11-05T13:26:25.170+0000] {processor.py:914} INFO - Processing file /opt/airflow/dags/kafka_stream.py for tasks to queue
[2024-11-05T13:26:25.175+0000] {logging_mixin.py:190} INFO - [2024-11-05T13:26:25.174+0000] {dagbag.py:588} INFO - Filling up the DagBag from /opt/airflow/dags/kafka_stream.py
[2024-11-05T13:26:25.628+0000] {processor.py:927} WARNING - No viable dags retrieved from /opt/airflow/dags/kafka_stream.py
[2024-11-05T13:26:25.645+0000] {processor.py:208} INFO - Processing /opt/airflow/dags/kafka_stream.py took 0.490 seconds
[2024-11-05T13:26:55.750+0000] {processor.py:186} INFO - Started process (PID=1435) to work on /opt/airflow/dags/kafka_stream.py
[2024-11-05T13:26:55.751+0000] {processor.py:914} INFO - Processing file /opt/airflow/dags/kafka_stream.py for tasks to queue
[2024-11-05T13:26:55.754+0000] {logging_mixin.py:190} INFO - [2024-11-05T13:26:55.753+0000] {dagbag.py:588} INFO - Filling up the DagBag from /opt/airflow/dags/kafka_stream.py
[2024-11-05T13:26:56.511+0000] {processor.py:927} WARNING - No viable dags retrieved from /opt/airflow/dags/kafka_stream.py
[2024-11-05T13:26:56.528+0000] {processor.py:208} INFO - Processing /opt/airflow/dags/kafka_stream.py took 0.786 seconds
[2024-11-05T13:27:26.888+0000] {processor.py:186} INFO - Started process (PID=1503) to work on /opt/airflow/dags/kafka_stream.py
[2024-11-05T13:27:26.889+0000] {processor.py:914} INFO - Processing file /opt/airflow/dags/kafka_stream.py for tasks to queue
[2024-11-05T13:27:26.892+0000] {logging_mixin.py:190} INFO - [2024-11-05T13:27:26.892+0000] {dagbag.py:588} INFO - Filling up the DagBag from /opt/airflow/dags/kafka_stream.py
[2024-11-05T13:27:27.282+0000] {processor.py:927} WARNING - No viable dags retrieved from /opt/airflow/dags/kafka_stream.py
[2024-11-05T13:27:27.302+0000] {processor.py:208} INFO - Processing /opt/airflow/dags/kafka_stream.py took 0.422 seconds
[2024-11-05T13:27:58.255+0000] {processor.py:186} INFO - Started process (PID=1566) to work on /opt/airflow/dags/kafka_stream.py
[2024-11-05T13:27:58.256+0000] {processor.py:914} INFO - Processing file /opt/airflow/dags/kafka_stream.py for tasks to queue
[2024-11-05T13:27:58.259+0000] {logging_mixin.py:190} INFO - [2024-11-05T13:27:58.259+0000] {dagbag.py:588} INFO - Filling up the DagBag from /opt/airflow/dags/kafka_stream.py
[2024-11-05T13:27:59.509+0000] {processor.py:927} WARNING - No viable dags retrieved from /opt/airflow/dags/kafka_stream.py
[2024-11-05T13:27:59.527+0000] {processor.py:208} INFO - Processing /opt/airflow/dags/kafka_stream.py took 1.280 seconds
[2024-11-05T13:28:29.627+0000] {processor.py:186} INFO - Started process (PID=1633) to work on /opt/airflow/dags/kafka_stream.py
[2024-11-05T13:28:29.628+0000] {processor.py:914} INFO - Processing file /opt/airflow/dags/kafka_stream.py for tasks to queue
[2024-11-05T13:28:29.631+0000] {logging_mixin.py:190} INFO - [2024-11-05T13:28:29.631+0000] {dagbag.py:588} INFO - Filling up the DagBag from /opt/airflow/dags/kafka_stream.py
[2024-11-05T13:28:30.000+0000] {processor.py:927} WARNING - No viable dags retrieved from /opt/airflow/dags/kafka_stream.py
[2024-11-05T13:28:30.020+0000] {processor.py:208} INFO - Processing /opt/airflow/dags/kafka_stream.py took 0.401 seconds
[2024-11-05T13:29:00.841+0000] {processor.py:186} INFO - Started process (PID=1696) to work on /opt/airflow/dags/kafka_stream.py
[2024-11-05T13:29:00.842+0000] {processor.py:914} INFO - Processing file /opt/airflow/dags/kafka_stream.py for tasks to queue
[2024-11-05T13:29:00.845+0000] {logging_mixin.py:190} INFO - [2024-11-05T13:29:00.845+0000] {dagbag.py:588} INFO - Filling up the DagBag from /opt/airflow/dags/kafka_stream.py
[2024-11-05T13:29:01.812+0000] {processor.py:927} WARNING - No viable dags retrieved from /opt/airflow/dags/kafka_stream.py
[2024-11-05T13:29:01.834+0000] {processor.py:208} INFO - Processing /opt/airflow/dags/kafka_stream.py took 1.001 seconds
[2024-11-05T13:29:32.049+0000] {processor.py:186} INFO - Started process (PID=1759) to work on /opt/airflow/dags/kafka_stream.py
[2024-11-05T13:29:32.050+0000] {processor.py:914} INFO - Processing file /opt/airflow/dags/kafka_stream.py for tasks to queue
[2024-11-05T13:29:32.054+0000] {logging_mixin.py:190} INFO - [2024-11-05T13:29:32.054+0000] {dagbag.py:588} INFO - Filling up the DagBag from /opt/airflow/dags/kafka_stream.py
[2024-11-05T13:29:38.492+0000] {processor.py:927} WARNING - No viable dags retrieved from /opt/airflow/dags/kafka_stream.py
[2024-11-05T13:29:38.519+0000] {processor.py:208} INFO - Processing /opt/airflow/dags/kafka_stream.py took 6.479 seconds
[2024-11-05T13:30:09.406+0000] {processor.py:186} INFO - Started process (PID=1828) to work on /opt/airflow/dags/kafka_stream.py
[2024-11-05T13:30:09.408+0000] {processor.py:914} INFO - Processing file /opt/airflow/dags/kafka_stream.py for tasks to queue
[2024-11-05T13:30:09.412+0000] {logging_mixin.py:190} INFO - [2024-11-05T13:30:09.412+0000] {dagbag.py:588} INFO - Filling up the DagBag from /opt/airflow/dags/kafka_stream.py
[2024-11-05T13:30:11.085+0000] {processor.py:927} WARNING - No viable dags retrieved from /opt/airflow/dags/kafka_stream.py
[2024-11-05T13:30:11.105+0000] {processor.py:208} INFO - Processing /opt/airflow/dags/kafka_stream.py took 1.708 seconds
[2024-11-05T13:30:42.092+0000] {processor.py:186} INFO - Started process (PID=1891) to work on /opt/airflow/dags/kafka_stream.py
[2024-11-05T13:30:42.093+0000] {processor.py:914} INFO - Processing file /opt/airflow/dags/kafka_stream.py for tasks to queue
[2024-11-05T13:30:42.096+0000] {logging_mixin.py:190} INFO - [2024-11-05T13:30:42.096+0000] {dagbag.py:588} INFO - Filling up the DagBag from /opt/airflow/dags/kafka_stream.py
[2024-11-05T13:30:43.311+0000] {processor.py:927} WARNING - No viable dags retrieved from /opt/airflow/dags/kafka_stream.py
[2024-11-05T13:30:43.337+0000] {processor.py:208} INFO - Processing /opt/airflow/dags/kafka_stream.py took 1.256 seconds
[2024-11-05T13:31:14.098+0000] {processor.py:186} INFO - Started process (PID=1954) to work on /opt/airflow/dags/kafka_stream.py
[2024-11-05T13:31:14.099+0000] {processor.py:914} INFO - Processing file /opt/airflow/dags/kafka_stream.py for tasks to queue
[2024-11-05T13:31:14.103+0000] {logging_mixin.py:190} INFO - [2024-11-05T13:31:14.103+0000] {dagbag.py:588} INFO - Filling up the DagBag from /opt/airflow/dags/kafka_stream.py
[2024-11-05T13:31:15.593+0000] {processor.py:927} WARNING - No viable dags retrieved from /opt/airflow/dags/kafka_stream.py
[2024-11-05T13:31:15.616+0000] {processor.py:208} INFO - Processing /opt/airflow/dags/kafka_stream.py took 1.527 seconds
[2024-11-05T13:31:46.562+0000] {processor.py:186} INFO - Started process (PID=2018) to work on /opt/airflow/dags/kafka_stream.py
[2024-11-05T13:31:46.564+0000] {processor.py:914} INFO - Processing file /opt/airflow/dags/kafka_stream.py for tasks to queue
[2024-11-05T13:31:46.567+0000] {logging_mixin.py:190} INFO - [2024-11-05T13:31:46.567+0000] {dagbag.py:588} INFO - Filling up the DagBag from /opt/airflow/dags/kafka_stream.py
[2024-11-05T13:32:06.859+0000] {processor.py:927} WARNING - No viable dags retrieved from /opt/airflow/dags/kafka_stream.py
[2024-11-05T13:32:06.876+0000] {processor.py:208} INFO - Processing /opt/airflow/dags/kafka_stream.py took 20.326 seconds
[2024-11-05T13:32:37.157+0000] {processor.py:186} INFO - Started process (PID=2135) to work on /opt/airflow/dags/kafka_stream.py
[2024-11-05T13:32:37.158+0000] {processor.py:914} INFO - Processing file /opt/airflow/dags/kafka_stream.py for tasks to queue
[2024-11-05T13:32:37.162+0000] {logging_mixin.py:190} INFO - [2024-11-05T13:32:37.162+0000] {dagbag.py:588} INFO - Filling up the DagBag from /opt/airflow/dags/kafka_stream.py
[2024-11-05T13:32:42.351+0000] {processor.py:927} WARNING - No viable dags retrieved from /opt/airflow/dags/kafka_stream.py
[2024-11-05T13:32:42.367+0000] {processor.py:208} INFO - Processing /opt/airflow/dags/kafka_stream.py took 5.220 seconds
[2024-11-05T13:33:12.862+0000] {processor.py:186} INFO - Started process (PID=2205) to work on /opt/airflow/dags/kafka_stream.py
[2024-11-05T13:33:12.864+0000] {processor.py:914} INFO - Processing file /opt/airflow/dags/kafka_stream.py for tasks to queue
[2024-11-05T13:33:12.869+0000] {logging_mixin.py:190} INFO - [2024-11-05T13:33:12.868+0000] {dagbag.py:588} INFO - Filling up the DagBag from /opt/airflow/dags/kafka_stream.py
[2024-11-05T13:33:14.579+0000] {processor.py:927} WARNING - No viable dags retrieved from /opt/airflow/dags/kafka_stream.py
[2024-11-05T13:33:14.600+0000] {processor.py:208} INFO - Processing /opt/airflow/dags/kafka_stream.py took 1.748 seconds
[2024-11-05T13:33:45.323+0000] {processor.py:186} INFO - Started process (PID=2268) to work on /opt/airflow/dags/kafka_stream.py
[2024-11-05T13:33:45.325+0000] {processor.py:914} INFO - Processing file /opt/airflow/dags/kafka_stream.py for tasks to queue
[2024-11-05T13:33:45.329+0000] {logging_mixin.py:190} INFO - [2024-11-05T13:33:45.329+0000] {dagbag.py:588} INFO - Filling up the DagBag from /opt/airflow/dags/kafka_stream.py
[2024-11-05T13:33:46.619+0000] {processor.py:927} WARNING - No viable dags retrieved from /opt/airflow/dags/kafka_stream.py
[2024-11-05T13:33:46.659+0000] {processor.py:208} INFO - Processing /opt/airflow/dags/kafka_stream.py took 1.345 seconds
[2024-11-05T13:34:16.862+0000] {processor.py:186} INFO - Started process (PID=2331) to work on /opt/airflow/dags/kafka_stream.py
[2024-11-05T13:34:16.867+0000] {processor.py:914} INFO - Processing file /opt/airflow/dags/kafka_stream.py for tasks to queue
[2024-11-05T13:34:16.883+0000] {logging_mixin.py:190} INFO - [2024-11-05T13:34:16.882+0000] {dagbag.py:588} INFO - Filling up the DagBag from /opt/airflow/dags/kafka_stream.py
[2024-11-05T13:34:17.443+0000] {processor.py:927} WARNING - No viable dags retrieved from /opt/airflow/dags/kafka_stream.py
[2024-11-05T13:34:17.466+0000] {processor.py:208} INFO - Processing /opt/airflow/dags/kafka_stream.py took 0.633 seconds
